[debug] [2024-01-01T14:11:15.622Z] ----------------------------------------------------------------------
[debug] [2024-01-01T14:11:15.624Z] Command:       C:\Program Files\nodejs\node.exe C:\Users\אגם\AppData\Roaming\npm\node_modules\firebase-tools\lib\bin\firebase.js init
[debug] [2024-01-01T14:11:15.624Z] CLI Version:   13.0.2
[debug] [2024-01-01T14:11:15.625Z] Platform:      win32
[debug] [2024-01-01T14:11:15.625Z] Node Version:  v21.4.0
[debug] [2024-01-01T14:11:15.625Z] Time:          Mon Jan 01 2024 16:11:15 GMT+0200 (שעון ישראל (חורף))
[debug] [2024-01-01T14:11:15.625Z] ----------------------------------------------------------------------
[debug] 
[debug] [2024-01-01T14:11:15.677Z] > command requires scopes: ["email","openid","https://www.googleapis.com/auth/cloudplatformprojects.readonly","https://www.googleapis.com/auth/firebase","https://www.googleapis.com/auth/cloud-platform"]
[debug] [2024-01-01T14:11:15.677Z] > authorizing via signed-in user (hhyytq@gmail.com)
[info] 
     ######## #### ########  ######## ########     ###     ######  ########
     ##        ##  ##     ## ##       ##     ##  ##   ##  ##       ##
     ######    ##  ########  ######   ########  #########  ######  ######
     ##        ##  ##    ##  ##       ##     ## ##     ##       ## ##
     ##       #### ##     ## ######## ########  ##     ##  ######  ########

You're about to initialize a Firebase project in this directory:

  C:\Users\אגם\Desktop\הכיתה השווה\complete-mern-project-main\foodi-client

Before we get started, keep in mind:

  * You are initializing within an existing Firebase project directory

[info] 
=== Project Setup
[info] 
[info] First, let's associate this project directory with a Firebase project.
[info] You can create multiple project aliases by running firebase use --add, 
[info] but for now we'll just set up a default project.
[info] 
[debug] [2024-01-01T14:11:25.482Z] Using project from CLI flag: foodi-client
[debug] [2024-01-01T14:11:25.484Z] >>> [apiv2][query] GET https://firebase.googleapis.com/v1beta1/projects/foodi-client [none]
[debug] [2024-01-01T14:11:25.842Z] <<< [apiv2][status] GET https://firebase.googleapis.com/v1beta1/projects/foodi-client 403
[debug] [2024-01-01T14:11:25.842Z] <<< [apiv2][body] GET https://firebase.googleapis.com/v1beta1/projects/foodi-client {"error":{"code":403,"message":"The caller does not have permission","status":"PERMISSION_DENIED"}}
[debug] [2024-01-01T14:11:25.842Z] HTTP Error: 403, The caller does not have permission
[debug] [2024-01-01T14:11:25.974Z] FirebaseError: HTTP Error: 403, The caller does not have permission
    at responseToError (C:\Users\אגם\AppData\Roaming\npm\node_modules\firebase-tools\lib\responseToError.js:49:12)
    at RetryOperation._fn (C:\Users\אגם\AppData\Roaming\npm\node_modules\firebase-tools\lib\apiv2.js:292:77)
    at process.processTicksAndRejections (node:internal/process/task_queues:95:5)
[error] 
[error] Error: Failed to get Firebase project foodi-client. Please make sure the project exists and your account has permission to access it.
